服务已启动2019-03-09 11:31:01
/robot.html2019-03-09 11:31:01
服务已启动2019-03-09 11:31:01
/robot.css2019-03-09 11:31:01
服务已启动2019-03-09 11:31:02
/robot.html2019-03-09 11:31:02
服务已启动2019-03-09 11:31:02
/robot.css2019-03-09 11:31:02
服务已启动2019-03-09 11:31:14
/robot.html2019-03-09 11:31:14
服务已启动2019-03-09 11:31:14
/robot.css2019-03-09 11:31:14
服务已启动2019-03-09 11:31:14
/robot.html2019-03-09 11:31:14
服务已启动2019-03-09 11:31:14
/robot.css2019-03-09 11:31:14
服务已启动2019-03-09 11:31:14
/robot.html2019-03-09 11:31:14
服务已启动2019-03-09 11:31:14
/robot.css2019-03-09 11:31:14
服务已启动2019-03-09 11:31:14
/robot.html2019-03-09 11:31:14
服务已启动2019-03-09 11:31:14
/robot.css2019-03-09 11:31:14
服务已启动2019-03-09 11:31:33
/robot.html2019-03-09 11:31:33
服务已启动2019-03-09 11:31:33
/robot.css2019-03-09 11:31:33
服务已启动2019-03-09 11:31:57
/robot.html2019-03-09 11:31:57
服务已启动2019-03-09 11:31:57
/robot.css2019-03-09 11:31:57
服务已启动2019-03-09 11:32:07
/api/chat2019-03-09 11:32:07
服务已启动2019-03-09 11:32:07
/me.jpeg2019-03-09 11:32:07
服务已启动2019-03-09 11:32:07
/jcy2.jpeg2019-03-09 11:32:07
